Build started 2018/3/20 2:35:39.
     1>Project "D:\DEV\VC2010\sport\sport\sport.vcxproj" on node 2 (build target(s)).
     1>InitializeBuildStatus:
         Touching "Debug\sport.unsuccessfulbuild".
       ClCompile:
         d:\Application\VS2010\VC\bin\CL.exe /c /ZI /nologo /W3 /WX- /Od /Oy- /D WIN32 /D _DEBUG /D _CONSOLE /D _UNICODE /D UNICODE /Gm /EHsc /RTC1 /MDd /GS /fp:precise /Zc:wchar_t /Zc:forScope /Yc"StdAfx.h" /Fp"Debug\sport.pch" /Fo"Debug\\" /Fd"Debug\vc100.pdb" /Gd /TP /analyze- /errorReport:prompt stdafx.cpp
         stdafx.cpp
         d:\Application\VS2010\VC\bin\CL.exe /c /ZI /nologo /W3 /WX- /Od /Oy- /D WIN32 /D _DEBUG /D _CONSOLE /D _UNICODE /D UNICODE /Gm /EHsc /RTC1 /MDd /GS /fp:precise /Zc:wchar_t /Zc:forScope /Yu"StdAfx.h" /Fp"Debug\sport.pch" /Fo"Debug\\" /Fd"Debug\vc100.pdb" /Gd /TP /analyze- /errorReport:prompt inter_eve.cpp inter_other.cpp inter_per.cpp inter_sys.cpp main.cpp menu.cpp menu_admin.cpp menu_tourist.cpp menu_user.cpp operation.cpp
         operation.cpp
     1>d:\dev\vc2010\sport\sport\operation.cpp(14): warning C4996: 'getch': The POSIX name for this item is deprecated. Instead, use the ISO C++ conformant name: _getch. See online help for details.
                 d:\application\vs2010\vc\include\conio.h(128) : see declaration of 'getch'
         menu_user.cpp
         menu_tourist.cpp
         menu_admin.cpp
     1>d:\dev\vc2010\sport\sport\menu_admin.cpp(14): warning C4101: 'time' : unreferenced local variable
     1>d:\dev\vc2010\sport\sport\menu_admin.cpp(809): warning C4101: 'user' : unreferenced local variable
     1>d:\dev\vc2010\sport\sport\menu_admin.cpp(819): warning C4101: 'admin' : unreferenced local variable
         menu.cpp
         main.cpp
     1>d:\dev\vc2010\sport\sport\main.cpp(5): warning C4101: 'peo' : unreferenced local variable
         inter_sys.cpp
         inter_per.cpp
     1>d:\dev\vc2010\sport\sport\inter_per.cpp(19): warning C4244: '=' : conversion from 'time_t' to 'long', possible loss of data
         inter_other.cpp
     1>d:\dev\vc2010\sport\sport\inter_other.cpp(26): warning C4996: 'itoa': The POSIX name for this item is deprecated. Instead, use the ISO C++ conformant name: _itoa. See online help for details.
                 d:\application\vs2010\vc\include\stdlib.h(867) : see declaration of 'itoa'
     1>d:\dev\vc2010\sport\sport\inter_other.cpp(30): warning C4996: 'itoa': The POSIX name for this item is deprecated. Instead, use the ISO C++ conformant name: _itoa. See online help for details.
                 d:\application\vs2010\vc\include\stdlib.h(867) : see declaration of 'itoa'
     1>d:\dev\vc2010\sport\sport\inter_other.cpp(34): warning C4996: 'itoa': The POSIX name for this item is deprecated. Instead, use the ISO C++ conformant name: _itoa. See online help for details.
                 d:\application\vs2010\vc\include\stdlib.h(867) : see declaration of 'itoa'
     1>d:\dev\vc2010\sport\sport\inter_other.cpp(37): warning C4996: 'itoa': The POSIX name for this item is deprecated. Instead, use the ISO C++ conformant name: _itoa. See online help for details.
                 d:\application\vs2010\vc\include\stdlib.h(867) : see declaration of 'itoa'
         inter_eve.cpp
     1>d:\dev\vc2010\sport\sport\inter_eve.cpp(85): warning C4101: 'msg' : unreferenced local variable
     1>d:\dev\vc2010\sport\sport\inter_eve.cpp(138): warning C4101: 'msg' : unreferenced local variable
     1>d:\dev\vc2010\sport\sport\inter_eve.cpp(187): warning C4101: 'msg' : unreferenced local variable
         Generating Code...
     1>d:\dev\vc2010\sport\sport\menu_admin.cpp(189): warning C4700: uninitialized local variable 'type' used
       ManifestResourceCompile:
         All outputs are up-to-date.
       Link:
         d:\Application\VS2010\VC\bin\link.exe /ERRORREPORT:PROMPT /OUT:"D:\DEV\VC2010\sport\Debug\sport.exe" /INCREMENTAL /NOLOGO kernel32.lib user32.lib gdi32.lib winspool.lib comdlg32.lib advapi32.lib shell32.lib ole32.lib oleaut32.lib uuid.lib odbc32.lib odbccp32.lib /MANIFEST /ManifestFile:"Debug\sport.exe.intermediate.manifest" /MANIFESTUAC:"level='asInvoker' uiAccess='false'" /DEBUG /PDB:"D:\DEV\VC2010\sport\Debug\sport.pdb" /SUBSYSTEM:CONSOLE /TLBID:1 /DYNAMICBASE /NXCOMPAT /IMPLIB:"D:\DEV\VC2010\sport\Debug\sport.lib" /MACHINE:X86 Debug\sport.exe.embed.manifest.res
         Debug\inter_eve.obj
         Debug\inter_other.obj
         Debug\inter_per.obj
         Debug\inter_sys.obj
         Debug\main.obj
         Debug\menu.obj
         Debug\menu_admin.obj
         Debug\menu_tourist.obj
         Debug\menu_user.obj
         Debug\operation.obj
         Debug\stdafx.obj
       Manifest:
         C:\Program Files (x86)\Microsoft SDKs\Windows\v7.0A\bin\mt.exe /nologo /verbose /out:"Debug\sport.exe.embed.manifest" /manifest Debug\sport.exe.intermediate.manifest
         All outputs are up-to-date.
       LinkEmbedManifest:
         All outputs are up-to-date.
         sport.vcxproj -> D:\DEV\VC2010\sport\Debug\sport.exe
       FinalizeBuildStatus:
         Deleting file "Debug\sport.unsuccessfulbuild".
         Touching "Debug\sport.lastbuildstate".
     1>Done Building Project "D:\DEV\VC2010\sport\sport\sport.vcxproj" (build target(s)).

Build succeeded.

Time Elapsed 00:00:12.29
